<?xml version="1.0" encoding="UTF-8"?>
<!-- Generated by org.testng.reporters.JUnitReportReporter -->
<testsuite hostname="MacBookPro.lan" failures="0" tests="1" name="lms.Runner.TestRunner$TestNGTestRunner" time="4.941" errors="0" timestamp="2025-02-19T01:06:10 EST" skipped="0">
  <testcase classname="lms.Runner.TestRunner$TestNGTestRunner" name="runScenario" time="4.941"/>
</testsuite> <!-- lms.Runner.TestRunner$TestNGTestRunner -->
